[INFO][2021-05-08 20:23:10,299][<module>]Relay server started. Serial console mode disable
[DEBUG][2021-05-08 20:23:12,304][serial_to_udp]Idle: Serial read timeout
[DEBUG][2021-05-08 20:23:12,405][udp_to_serial]b'{"type": "telem", "bearing": null, "arm": false, "heartbeat": 0}'
[DEBUG][2021-05-08 20:23:13,306][serial_to_udp]Idle: Serial read timeout
[DEBUG][2021-05-08 20:23:13,507][udp_to_serial]b'{"type": "telem", "bearing": null, "arm": false, "heartbeat": 1}'
[DEBUG][2021-05-08 20:23:14,307][serial_to_udp]Idle: Serial read timeout
[DEBUG][2021-05-08 20:23:14,609][udp_to_serial]b'{"type": "telem", "bearing": null, "arm": false, "heartbeat": 1}'
[DEBUG][2021-05-08 20:23:15,309][serial_to_udp]Idle: Serial read timeout
[DEBUG][2021-05-08 20:23:15,711][udp_to_serial]b'{"type": "telem", "bearing": null, "arm": false, "heartbeat": 2}'
[DEBUG][2021-05-08 20:23:16,310][serial_to_udp]Idle: Serial read timeout
[DEBUG][2021-05-08 20:23:16,813][udp_to_serial]b'{"type": "telem", "bearing": null, "arm": false, "heartbeat": 3}'
[DEBUG][2021-05-08 20:23:17,312][serial_to_udp]Idle: Serial read timeout
[DEBUG][2021-05-08 20:23:17,936][udp_to_serial]b'{"type": "telem", "bearing": null, "arm": false, "heartbeat": 5}'
[DEBUG][2021-05-08 20:23:18,314][serial_to_udp]Idle: Serial read timeout
[DEBUG][2021-05-08 20:23:19,038][udp_to_serial]b'{"type": "telem", "bearing": null, "arm": false, "heartbeat": 6}'
[DEBUG][2021-05-08 20:23:19,316][serial_to_udp]Idle: Serial read timeout
[DEBUG][2021-05-08 20:23:20,140][udp_to_serial]b'{"type": "telem", "bearing": null, "arm": false, "heartbeat": 7}'
[DEBUG][2021-05-08 20:23:20,317][serial_to_udp]Idle: Serial read timeout
[DEBUG][2021-05-08 20:23:21,242][udp_to_serial]b'{"type": "telem", "bearing": null, "arm": false, "heartbeat": 8}'
[DEBUG][2021-05-08 20:23:21,319][serial_to_udp]Idle: Serial read timeout
[DEBUG][2021-05-08 20:23:22,320][serial_to_udp]Idle: Serial read timeout
[DEBUG][2021-05-08 20:23:22,344][udp_to_serial]b'{"type": "telem", "bearing": null, "arm": false, "heartbeat": 9}'
[DEBUG][2021-05-08 20:23:23,322][serial_to_udp]Idle: Serial read timeout
[DEBUG][2021-05-08 20:23:23,445][udp_to_serial]b'{"type": "telem", "bearing": null, "arm": false, "heartbeat": 10}'
[DEBUG][2021-05-08 20:23:24,323][serial_to_udp]Idle: Serial read timeout
[DEBUG][2021-05-08 20:23:24,547][udp_to_serial]b'{"type": "telem", "bearing": null, "arm": false, "heartbeat": 11}'
[DEBUG][2021-05-08 20:23:25,325][serial_to_udp]Idle: Serial read timeout
[DEBUG][2021-05-08 20:23:25,649][udp_to_serial]b'{"type": "telem", "bearing": null, "arm": false, "heartbeat": 11}'
[DEBUG][2021-05-08 20:23:26,326][serial_to_udp]Idle: Serial read timeout
[DEBUG][2021-05-08 20:23:26,751][udp_to_serial]b'{"type": "telem", "bearing": null, "arm": false, "heartbeat": 12}'
[DEBUG][2021-05-08 20:23:27,328][serial_to_udp]Idle: Serial read timeout
[DEBUG][2021-05-08 20:23:27,935][udp_to_serial]b'{"type": "telem", "bearing": null, "arm": false, "heartbeat": 14}'
[DEBUG][2021-05-08 20:23:28,330][serial_to_udp]Idle: Serial read timeout
[DEBUG][2021-05-08 20:23:29,037][udp_to_serial]b'{"type": "telem", "bearing": null, "arm": false, "heartbeat": 15}'
[DEBUG][2021-05-08 20:23:29,331][serial_to_udp]Idle: Serial read timeout
[DEBUG][2021-05-08 20:23:30,139][udp_to_serial]b'{"type": "telem", "bearing": null, "arm": false, "heartbeat": 16}'
[DEBUG][2021-05-08 20:23:30,333][serial_to_udp]Idle: Serial read timeout
[DEBUG][2021-05-08 20:23:31,241][udp_to_serial]b'{"type": "telem", "bearing": null, "arm": false, "heartbeat": 17}'
[DEBUG][2021-05-08 20:23:31,335][serial_to_udp]Idle: Serial read timeout
[DEBUG][2021-05-08 20:23:32,336][serial_to_udp]Idle: Serial read timeout
[DEBUG][2021-05-08 20:23:32,343][udp_to_serial]b'{"type": "telem", "bearing": null, "arm": false, "heartbeat": 18}'
[DEBUG][2021-05-08 20:23:33,338][serial_to_udp]Idle: Serial read timeout
[DEBUG][2021-05-08 20:23:33,445][udp_to_serial]b'{"type": "telem", "bearing": null, "arm": false, "heartbeat": 19}'
[DEBUG][2021-05-08 20:23:34,339][serial_to_udp]Idle: Serial read timeout
[DEBUG][2021-05-08 20:23:34,547][udp_to_serial]b'{"type": "telem", "bearing": null, "arm": false, "heartbeat": 20}'
[DEBUG][2021-05-08 20:23:35,341][serial_to_udp]Idle: Serial read timeout
[DEBUG][2021-05-08 20:23:35,649][udp_to_serial]b'{"type": "telem", "bearing": null, "arm": false, "heartbeat": 21}'
[DEBUG][2021-05-08 20:23:36,343][serial_to_udp]Idle: Serial read timeout
[DEBUG][2021-05-08 20:23:36,750][udp_to_serial]b'{"type": "telem", "bearing": null, "arm": false, "heartbeat": 21}'
[DEBUG][2021-05-08 20:23:37,344][serial_to_udp]Idle: Serial read timeout
[DEBUG][2021-05-08 20:23:37,948][udp_to_serial]b'{"type": "telem", "bearing": null, "arm": false, "heartbeat": 23}'
[DEBUG][2021-05-08 20:23:38,346][serial_to_udp]Idle: Serial read timeout
[DEBUG][2021-05-08 20:23:39,050][udp_to_serial]b'{"type": "telem", "bearing": null, "arm": false, "heartbeat": 24}'
[DEBUG][2021-05-08 20:23:39,347][serial_to_udp]Idle: Serial read timeout
[DEBUG][2021-05-08 20:23:40,151][udp_to_serial]b'{"type": "telem", "bearing": null, "arm": false, "heartbeat": 25}'
[DEBUG][2021-05-08 20:23:40,349][serial_to_udp]Idle: Serial read timeout
[DEBUG][2021-05-08 20:23:41,253][udp_to_serial]b'{"type": "telem", "bearing": null, "arm": false, "heartbeat": 26}'
[DEBUG][2021-05-08 20:23:41,351][serial_to_udp]Idle: Serial read timeout
[DEBUG][2021-05-08 20:23:42,353][serial_to_udp]Idle: Serial read timeout
[DEBUG][2021-05-08 20:23:42,355][udp_to_serial]b'{"type": "telem", "bearing": null, "arm": false, "heartbeat": 27}'
[DEBUG][2021-05-08 20:23:43,354][serial_to_udp]Idle: Serial read timeout
[DEBUG][2021-05-08 20:23:43,457][udp_to_serial]b'{"type": "telem", "bearing": null, "arm": false, "heartbeat": 28}'
[DEBUG][2021-05-08 20:23:44,356][serial_to_udp]Idle: Serial read timeout
[DEBUG][2021-05-08 20:23:44,559][udp_to_serial]b'{"type": "telem", "bearing": null, "arm": false, "heartbeat": 29}'
[DEBUG][2021-05-08 20:23:45,357][serial_to_udp]Idle: Serial read timeout
[DEBUG][2021-05-08 20:23:45,661][udp_to_serial]b'{"type": "telem", "bearing": null, "arm": false, "heartbeat": 30}'
[DEBUG][2021-05-08 20:23:46,359][serial_to_udp]Idle: Serial read timeout
[DEBUG][2021-05-08 20:23:46,763][udp_to_serial]b'{"type": "telem", "bearing": null, "arm": false, "heartbeat": 31}'
[DEBUG][2021-05-08 20:23:47,360][serial_to_udp]Idle: Serial read timeout
[DEBUG][2021-05-08 20:23:47,960][udp_to_serial]b'{"type": "telem", "bearing": null, "arm": false, "heartbeat": 32}'
[DEBUG][2021-05-08 20:23:48,362][serial_to_udp]Idle: Serial read timeout
[DEBUG][2021-05-08 20:23:49,062][udp_to_serial]b'{"type": "telem", "bearing": null, "arm": false, "heartbeat": 33}'
[DEBUG][2021-05-08 20:23:49,364][serial_to_udp]Idle: Serial read timeout
[DEBUG][2021-05-08 20:23:50,164][udp_to_serial]b'{"type": "telem", "bearing": null, "arm": false, "heartbeat": 34}'
[DEBUG][2021-05-08 20:23:50,366][serial_to_udp]Idle: Serial read timeout
[DEBUG][2021-05-08 20:23:51,266][udp_to_serial]b'{"type": "telem", "bearing": null, "arm": false, "heartbeat": 35}'
[DEBUG][2021-05-08 20:23:51,367][serial_to_udp]Idle: Serial read timeout
[DEBUG][2021-05-08 20:23:52,368][udp_to_serial]b'{"type": "telem", "bearing": null, "arm": false, "heartbeat": 36}'
[DEBUG][2021-05-08 20:23:52,369][serial_to_udp]Idle: Serial read timeout
[DEBUG][2021-05-08 20:23:53,370][serial_to_udp]Idle: Serial read timeout
[DEBUG][2021-05-08 20:23:53,470][udp_to_serial]b'{"type": "telem", "bearing": null, "arm": false, "heartbeat": 37}'
[DEBUG][2021-05-08 20:23:54,372][serial_to_udp]Idle: Serial read timeout
[DEBUG][2021-05-08 20:23:54,572][udp_to_serial]b'{"type": "telem", "bearing": null, "arm": false, "heartbeat": 38}'
[DEBUG][2021-05-08 20:23:55,373][serial_to_udp]Idle: Serial read timeout
[DEBUG][2021-05-08 20:23:55,674][udp_to_serial]b'{"type": "telem", "bearing": null, "arm": false, "heartbeat": 39}'
[DEBUG][2021-05-08 20:23:56,375][serial_to_udp]Idle: Serial read timeout
[DEBUG][2021-05-08 20:23:56,776][udp_to_serial]b'{"type": "telem", "bearing": null, "arm": false, "heartbeat": 40}'
[DEBUG][2021-05-08 20:23:57,376][serial_to_udp]Idle: Serial read timeout
[DEBUG][2021-05-08 20:23:57,973][udp_to_serial]b'{"type": "telem", "bearing": null, "arm": false, "heartbeat": 41}'
[DEBUG][2021-05-08 20:23:58,378][serial_to_udp]Idle: Serial read timeout
[DEBUG][2021-05-08 20:23:59,075][udp_to_serial]b'{"type": "telem", "bearing": null, "arm": false, "heartbeat": 42}'
[DEBUG][2021-05-08 20:23:59,380][serial_to_udp]Idle: Serial read timeout
[DEBUG][2021-05-08 20:24:00,177][udp_to_serial]b'{"type": "telem", "bearing": null, "arm": false, "heartbeat": 43}'
[DEBUG][2021-05-08 20:24:00,382][serial_to_udp]Idle: Serial read timeout
[DEBUG][2021-05-08 20:24:01,279][udp_to_serial]b'{"type": "telem", "bearing": null, "arm": false, "heartbeat": 44}'
[DEBUG][2021-05-08 20:24:01,383][serial_to_udp]Idle: Serial read timeout
[DEBUG][2021-05-08 20:24:02,381][udp_to_serial]b'{"type": "telem", "bearing": null, "arm": false, "heartbeat": 45}'
[DEBUG][2021-05-08 20:24:02,385][serial_to_udp]Idle: Serial read timeout
[DEBUG][2021-05-08 20:24:03,386][serial_to_udp]Idle: Serial read timeout
[DEBUG][2021-05-08 20:24:03,483][udp_to_serial]b'{"type": "telem", "bearing": null, "arm": false, "heartbeat": 46}'
[DEBUG][2021-05-08 20:24:04,389][serial_to_udp]b'{"type":"cmd","cmd":"sync"}\n'
[DEBUG][2021-05-08 20:24:45,007][serial_to_udp]Idle: Serial read timeout
[DEBUG][2021-05-08 20:24:45,109][udp_to_serial]b'{"type": "telem", "bearing": null, "arm": false, "heartbeat": 84}'
[DEBUG][2021-05-08 20:24:46,009][serial_to_udp]Idle: Serial read timeout
[DEBUG][2021-05-08 20:24:46,218][udp_to_serial]b'{"type": "telem", "bearing": null, "arm": false, "heartbeat": 85}'
[DEBUG][2021-05-08 20:24:47,011][serial_to_udp]Idle: Serial read timeout
[DEBUG][2021-05-08 20:24:47,319][udp_to_serial]b'{"type": "telem", "bearing": 0, "arm": false, "heartbeat": 86}'
[DEBUG][2021-05-08 20:24:48,012][serial_to_udp]Idle: Serial read timeout
[DEBUG][2021-05-08 20:24:48,421][udp_to_serial]b'{"type": "telem", "bearing": -76, "arm": false, "heartbeat": 87}'
[DEBUG][2021-05-08 20:24:49,014][serial_to_udp]Idle: Serial read timeout
[DEBUG][2021-05-08 20:24:49,523][udp_to_serial]b'{"type": "telem", "bearing": -74, "arm": false, "heartbeat": 88}'
[DEBUG][2021-05-08 20:24:50,015][serial_to_udp]Idle: Serial read timeout
[DEBUG][2021-05-08 20:24:50,625][udp_to_serial]b'{"type": "telem", "bearing": -75, "arm": false, "heartbeat": 89}'
[DEBUG][2021-05-08 20:24:51,017][serial_to_udp]Idle: Serial read timeout
[DEBUG][2021-05-08 20:24:51,727][udp_to_serial]b'{"type": "telem", "bearing": 112, "arm": false, "heartbeat": 90}'
[DEBUG][2021-05-08 20:24:52,018][serial_to_udp]Idle: Serial read timeout
[DEBUG][2021-05-08 20:24:52,828][udp_to_serial]b'{"type": "telem", "bearing": 113, "arm": false, "heartbeat": 91}'
[DEBUG][2021-05-08 20:24:53,020][serial_to_udp]Idle: Serial read timeout
[DEBUG][2021-05-08 20:24:53,930][udp_to_serial]b'{"type": "telem", "bearing": -74, "arm": false, "heartbeat": 91}'
[DEBUG][2021-05-08 20:24:54,021][serial_to_udp]Idle: Serial read timeout
[DEBUG][2021-05-08 20:24:55,022][serial_to_udp]Idle: Serial read timeout
[DEBUG][2021-05-08 20:24:55,051][udp_to_serial]b'{"type": "telem", "bearing": -74, "arm": false, "heartbeat": 93}'
[DEBUG][2021-05-08 20:24:56,024][serial_to_udp]Idle: Serial read timeout
[DEBUG][2021-05-08 20:24:56,153][udp_to_serial]b'{"type": "telem", "bearing": -79, "arm": false, "heartbeat": 94}'
[DEBUG][2021-05-08 20:24:57,025][serial_to_udp]Idle: Serial read timeout
[DEBUG][2021-05-08 20:24:57,255][udp_to_serial]b'{"type": "telem", "bearing": -76, "arm": false, "heartbeat": 95}'
[DEBUG][2021-05-08 20:24:58,027][serial_to_udp]Idle: Serial read timeout
[DEBUG][2021-05-08 20:24:58,357][udp_to_serial]b'{"type": "telem", "bearing": 109, "arm": false, "heartbeat": 96}'
[DEBUG][2021-05-08 20:24:59,028][serial_to_udp]Idle: Serial read timeout
[DEBUG][2021-05-08 20:24:59,459][udp_to_serial]b'{"type": "telem", "bearing": -78, "arm": false, "heartbeat": 97}'
[DEBUG][2021-05-08 20:25:00,029][serial_to_udp]Idle: Serial read timeout
[DEBUG][2021-05-08 20:25:00,561][udp_to_serial]b'{"type": "telem", "bearing": -75, "arm": false, "heartbeat": 98}'
[DEBUG][2021-05-08 20:25:01,030][serial_to_udp]Idle: Serial read timeout
[DEBUG][2021-05-08 20:25:01,663][udp_to_serial]b'{"type": "telem", "bearing": -79, "arm": false, "heartbeat": 99}'
[DEBUG][2021-05-08 20:25:02,032][serial_to_udp]Idle: Serial read timeout
[DEBUG][2021-05-08 20:25:02,772][udp_to_serial]b'{"type": "telem", "bearing": -78, "arm": false, "heartbeat": 100}'
[DEBUG][2021-05-08 20:25:03,033][serial_to_udp]Idle: Serial read timeout
[DEBUG][2021-05-08 20:25:03,874][udp_to_serial]b'{"type": "telem", "bearing": 109, "arm": false, "heartbeat": 101}'
[DEBUG][2021-05-08 20:25:04,035][serial_to_udp]Idle: Serial read timeout
[DEBUG][2021-05-08 20:25:05,036][serial_to_udp]Idle: Serial read timeout
[DEBUG][2021-05-08 20:25:05,064][udp_to_serial]b'{"type": "telem", "bearing": 112, "arm": false, "heartbeat": 102}'
[DEBUG][2021-05-08 20:25:06,040][serial_to_udp]Idle: Serial read timeout
[DEBUG][2021-05-08 20:25:06,171][udp_to_serial]b'{"type": "telem", "bearing": 112, "arm": false, "heartbeat": 103}'
[DEBUG][2021-05-08 20:25:07,041][serial_to_udp]Idle: Serial read timeout
[DEBUG][2021-05-08 20:25:07,278][udp_to_serial]b'{"type": "telem", "bearing": -72, "arm": false, "heartbeat": 103}'
[DEBUG][2021-05-08 20:25:08,043][serial_to_udp]Idle: Serial read timeout
[DEBUG][2021-05-08 20:25:08,380][udp_to_serial]b'{"type": "telem", "bearing": -65, "arm": false, "heartbeat": 104}'
[DEBUG][2021-05-08 20:25:09,044][serial_to_udp]Idle: Serial read timeout
[DEBUG][2021-05-08 20:25:09,482][udp_to_serial]b'{"type": "telem", "bearing": -71, "arm": false, "heartbeat": 105}'
[DEBUG][2021-05-08 20:25:10,046][serial_to_udp]Idle: Serial read timeout
[DEBUG][2021-05-08 20:25:10,584][udp_to_serial]b'{"type": "telem", "bearing": -83, "arm": false, "heartbeat": 106}'
[DEBUG][2021-05-08 20:25:11,047][serial_to_udp]Idle: Serial read timeout
[DEBUG][2021-05-08 20:25:11,686][udp_to_serial]b'{"type": "telem", "bearing": 108, "arm": false, "heartbeat": 107}'
[DEBUG][2021-05-08 20:25:12,049][serial_to_udp]Idle: Serial read timeout
[DEBUG][2021-05-08 20:25:12,859][udp_to_serial]b'{"type": "telem", "bearing": -76, "arm": false, "heartbeat": 108}'
[DEBUG][2021-05-08 20:25:13,050][serial_to_udp]Idle: Serial read timeout
[DEBUG][2021-05-08 20:25:13,961][udp_to_serial]b'{"type": "telem", "bearing": 112, "arm": false, "heartbeat": 109}'
[DEBUG][2021-05-08 20:25:14,051][serial_to_udp]Idle: Serial read timeout
[DEBUG][2021-05-08 20:25:15,053][serial_to_udp]Idle: Serial read timeout
[DEBUG][2021-05-08 20:25:15,082][udp_to_serial]b'{"type": "telem", "bearing": -79, "arm": false, "heartbeat": 111}'
[DEBUG][2021-05-08 20:25:16,054][serial_to_udp]Idle: Serial read timeout
[DEBUG][2021-05-08 20:25:16,184][udp_to_serial]b'{"type": "telem", "bearing": -87, "arm": false, "heartbeat": 111}'
[DEBUG][2021-05-08 20:25:17,056][serial_to_udp]Idle: Serial read timeout
[DEBUG][2021-05-08 20:25:17,286][udp_to_serial]b'{"type": "telem", "bearing": 110, "arm": false, "heartbeat": 112}'
[DEBUG][2021-05-08 20:25:18,057][serial_to_udp]Idle: Serial read timeout
[DEBUG][2021-05-08 20:25:18,388][udp_to_serial]b'{"type": "telem", "bearing": -81, "arm": false, "heartbeat": 113}'
[DEBUG][2021-05-08 20:25:19,059][serial_to_udp]Idle: Serial read timeout
[DEBUG][2021-05-08 20:25:19,490][udp_to_serial]b'{"type": "telem", "bearing": -81, "arm": false, "heartbeat": 114}'
[DEBUG][2021-05-08 20:25:20,063][serial_to_udp]Idle: Serial read timeout
[DEBUG][2021-05-08 20:25:20,591][udp_to_serial]b'{"type": "telem", "bearing": -77, "arm": false, "heartbeat": 115}'
[DEBUG][2021-05-08 20:25:21,065][serial_to_udp]Idle: Serial read timeout
[DEBUG][2021-05-08 20:25:21,693][udp_to_serial]b'{"type": "telem", "bearing": 114, "arm": false, "heartbeat": 116}'
[DEBUG][2021-05-08 20:25:22,066][serial_to_udp]Idle: Serial read timeout
[DEBUG][2021-05-08 20:25:22,795][udp_to_serial]b'{"type": "telem", "bearing": -81, "arm": false, "heartbeat": 117}'
[DEBUG][2021-05-08 20:25:23,068][serial_to_udp]Idle: Serial read timeout
[DEBUG][2021-05-08 20:25:23,897][udp_to_serial]b'{"type": "telem", "bearing": 123, "arm": false, "heartbeat": 118}'
[DEBUG][2021-05-08 20:25:24,070][serial_to_udp]Idle: Serial read timeout
[DEBUG][2021-05-08 20:25:25,071][serial_to_udp]Idle: Serial read timeout
[DEBUG][2021-05-08 20:25:25,095][udp_to_serial]b'{"type": "telem", "bearing": -72, "arm": false, "heartbeat": 120}'
[DEBUG][2021-05-08 20:25:26,079][serial_to_udp]Idle: Serial read timeout
[DEBUG][2021-05-08 20:25:26,197][udp_to_serial]b'{"type": "telem", "bearing": -72, "arm": false, "heartbeat": 121}'
[DEBUG][2021-05-08 20:25:27,081][serial_to_udp]Idle: Serial read timeout
[DEBUG][2021-05-08 20:25:27,301][udp_to_serial]b'{"type": "telem", "bearing": 108, "arm": false, "heartbeat": 121}'
[DEBUG][2021-05-08 20:25:28,083][serial_to_udp]Idle: Serial read timeout
[DEBUG][2021-05-08 20:25:28,403][udp_to_serial]b'{"type": "telem", "bearing": -78, "arm": false, "heartbeat": 122}'
[DEBUG][2021-05-08 20:25:29,085][serial_to_udp]Idle: Serial read timeout
[DEBUG][2021-05-08 20:25:29,509][udp_to_serial]b'{"type": "telem", "bearing": 118, "arm": false, "heartbeat": 123}'
[DEBUG][2021-05-08 20:25:30,086][serial_to_udp]Idle: Serial read timeout
[DEBUG][2021-05-08 20:25:30,611][udp_to_serial]b'{"type": "telem", "bearing": -76, "arm": false, "heartbeat": 124}'
[DEBUG][2021-05-08 20:25:31,088][serial_to_udp]Idle: Serial read timeout
[DEBUG][2021-05-08 20:25:31,713][udp_to_serial]b'{"type": "telem", "bearing": 106, "arm": false, "heartbeat": 125}'
[DEBUG][2021-05-08 20:25:32,090][serial_to_udp]Idle: Serial read timeout
[DEBUG][2021-05-08 20:25:32,815][udp_to_serial]b'{"type": "telem", "bearing": -78, "arm": false, "heartbeat": 126}'
[DEBUG][2021-05-08 20:25:33,091][serial_to_udp]Idle: Serial read timeout
[DEBUG][2021-05-08 20:25:33,917][udp_to_serial]b'{"type": "telem", "bearing": 108, "arm": false, "heartbeat": 127}'
[DEBUG][2021-05-08 20:25:34,092][serial_to_udp]Idle: Serial read timeout
[DEBUG][2021-05-08 20:25:35,094][serial_to_udp]Idle: Serial read timeout
[DEBUG][2021-05-08 20:25:35,109][udp_to_serial]b'{"type": "telem", "bearing": 117, "arm": false, "heartbeat": 129}'
[DEBUG][2021-05-08 20:25:36,095][serial_to_udp]Idle: Serial read timeout
[DEBUG][2021-05-08 20:25:36,212][udp_to_serial]b'{"type": "telem", "bearing": -79, "arm": false, "heartbeat": 130}'
[DEBUG][2021-05-08 20:25:37,098][serial_to_udp]Idle: Serial read timeout
[DEBUG][2021-05-08 20:25:37,318][udp_to_serial]b'{"type": "telem", "bearing": -75, "arm": false, "heartbeat": 131}'
[DEBUG][2021-05-08 20:25:38,100][serial_to_udp]Idle: Serial read timeout
[DEBUG][2021-05-08 20:25:38,420][udp_to_serial]b'{"type": "telem", "bearing": 109, "arm": false, "heartbeat": 131}'
[DEBUG][2021-05-08 20:25:39,101][serial_to_udp]Idle: Serial read timeout
[DEBUG][2021-05-08 20:25:39,521][udp_to_serial]b'{"type": "telem", "bearing": -76, "arm": false, "heartbeat": 132}'
[DEBUG][2021-05-08 20:25:40,102][serial_to_udp]Idle: Serial read timeout
[DEBUG][2021-05-08 20:25:40,625][udp_to_serial]b'{"type": "telem", "bearing": -80, "arm": false, "heartbeat": 133}'
[DEBUG][2021-05-08 20:25:41,104][serial_to_udp]Idle: Serial read timeout
[DEBUG][2021-05-08 20:25:41,727][udp_to_serial]b'{"type": "telem", "bearing": -71, "arm": false, "heartbeat": 134}'
[DEBUG][2021-05-08 20:25:42,111][serial_to_udp]Idle: Serial read timeout
[DEBUG][2021-05-08 20:25:42,829][udp_to_serial]b'{"type": "telem", "bearing": -74, "arm": false, "heartbeat": 135}'
[DEBUG][2021-05-08 20:25:43,113][serial_to_udp]Idle: Serial read timeout
[DEBUG][2021-05-08 20:25:43,932][udp_to_serial]b'{"type": "telem", "bearing": 113, "arm": false, "heartbeat": 136}'
[DEBUG][2021-05-08 20:25:44,114][serial_to_udp]Idle: Serial read timeout
[DEBUG][2021-05-08 20:25:45,116][serial_to_udp]Idle: Serial read timeout
[DEBUG][2021-05-08 20:25:45,122][udp_to_serial]b'{"type": "telem", "bearing": -76, "arm": false, "heartbeat": 138}'
[DEBUG][2021-05-08 20:25:46,121][serial_to_udp]Idle: Serial read timeout
[DEBUG][2021-05-08 20:25:46,224][udp_to_serial]b'{"type": "telem", "bearing": -70, "arm": false, "heartbeat": 139}'
[DEBUG][2021-05-08 20:25:47,122][serial_to_udp]Idle: Serial read timeout
[DEBUG][2021-05-08 20:25:47,331][udp_to_serial]b'{"type": "telem", "bearing": -82, "arm": false, "heartbeat": 140}'
[DEBUG][2021-05-08 20:25:48,124][serial_to_udp]Idle: Serial read timeout
[DEBUG][2021-05-08 20:25:48,434][udp_to_serial]b'{"type": "telem", "bearing": 103, "arm": false, "heartbeat": 141}'
[DEBUG][2021-05-08 20:25:49,125][serial_to_udp]Idle: Serial read timeout
[DEBUG][2021-05-08 20:25:49,535][udp_to_serial]b'{"type": "telem", "bearing": -80, "arm": false, "heartbeat": 141}'
[DEBUG][2021-05-08 20:25:50,127][serial_to_udp]Idle: Serial read timeout
[DEBUG][2021-05-08 20:25:50,637][udp_to_serial]b'{"type": "telem", "bearing": -73, "arm": false, "heartbeat": 142}'
[DEBUG][2021-05-08 20:25:51,128][serial_to_udp]Idle: Serial read timeout
[DEBUG][2021-05-08 20:25:51,739][udp_to_serial]b'{"type": "telem", "bearing": -73, "arm": false, "heartbeat": 143}'
[DEBUG][2021-05-08 20:25:52,130][serial_to_udp]Idle: Serial read timeout
[DEBUG][2021-05-08 20:25:52,841][udp_to_serial]b'{"type": "telem", "bearing": -76, "arm": false, "heartbeat": 144}'
[DEBUG][2021-05-08 20:25:53,131][serial_to_udp]Idle: Serial read timeout
[DEBUG][2021-05-08 20:25:53,943][udp_to_serial]b'{"type": "telem", "bearing": 113, "arm": false, "heartbeat": 145}'
[DEBUG][2021-05-08 20:25:54,132][serial_to_udp]Idle: Serial read timeout
[DEBUG][2021-05-08 20:25:55,134][serial_to_udp]Idle: Serial read timeout
[DEBUG][2021-05-08 20:25:55,137][udp_to_serial]b'{"type": "telem", "bearing": -81, "arm": false, "heartbeat": 147}'
[DEBUG][2021-05-08 20:25:56,135][serial_to_udp]Idle: Serial read timeout
[DEBUG][2021-05-08 20:25:56,239][udp_to_serial]b'{"type": "telem", "bearing": -69, "arm": false, "heartbeat": 148}'
[DEBUG][2021-05-08 20:25:57,137][serial_to_udp]Idle: Serial read timeout
[DEBUG][2021-05-08 20:25:57,340][udp_to_serial]b'{"type": "telem", "bearing": 110, "arm": false, "heartbeat": 149}'
[DEBUG][2021-05-08 20:25:58,149][serial_to_udp]Idle: Serial read timeout
[DEBUG][2021-05-08 20:25:58,441][udp_to_serial]b'{"type": "telem", "bearing": 96, "arm": false, "heartbeat": 150}'
[DEBUG][2021-05-08 20:25:59,150][serial_to_udp]Idle: Serial read timeout
[DEBUG][2021-05-08 20:25:59,543][udp_to_serial]b'{"type": "telem", "bearing": -65, "arm": false, "heartbeat": 151}'
[DEBUG][2021-05-08 20:26:00,152][serial_to_udp]Idle: Serial read timeout
[DEBUG][2021-05-08 20:26:00,645][udp_to_serial]b'{"type": "telem", "bearing": -65, "arm": false, "heartbeat": 151}'
[DEBUG][2021-05-08 20:26:01,153][serial_to_udp]Idle: Serial read timeout
[DEBUG][2021-05-08 20:26:01,747][udp_to_serial]b'{"type": "telem", "bearing": -65, "arm": false, "heartbeat": 152}'
[DEBUG][2021-05-08 20:26:02,155][serial_to_udp]Idle: Serial read timeout
[DEBUG][2021-05-08 20:26:02,861][udp_to_serial]b'{"type": "telem", "bearing": -65, "arm": false, "heartbeat": 153}'
[DEBUG][2021-05-08 20:26:03,156][serial_to_udp]Idle: Serial read timeout
[DEBUG][2021-05-08 20:26:03,963][udp_to_serial]b'{"type": "telem", "bearing": -65, "arm": false, "heartbeat": 154}'
[DEBUG][2021-05-08 20:26:04,158][serial_to_udp]Idle: Serial read timeout
[DEBUG][2021-05-08 20:26:05,151][udp_to_serial]b'{"type": "telem", "bearing": -65, "arm": false, "heartbeat": 156}'
[DEBUG][2021-05-08 20:26:05,159][serial_to_udp]Idle: Serial read timeout
[DEBUG][2021-05-08 20:26:06,160][serial_to_udp]Idle: Serial read timeout
[DEBUG][2021-05-08 20:26:06,253][udp_to_serial]b'{"type": "telem", "bearing": -65, "arm": false, "heartbeat": 157}'
[DEBUG][2021-05-08 20:26:07,162][serial_to_udp]Idle: Serial read timeout
[DEBUG][2021-05-08 20:26:07,355][udp_to_serial]b'{"type": "telem", "bearing": -65, "arm": false, "heartbeat": 158}'
[DEBUG][2021-05-08 20:26:08,163][serial_to_udp]Idle: Serial read timeout
[DEBUG][2021-05-08 20:26:08,458][udp_to_serial]b'{"type": "telem", "bearing": -65, "arm": false, "heartbeat": 159}'
[DEBUG][2021-05-08 20:26:09,165][serial_to_udp]Idle: Serial read timeout
[DEBUG][2021-05-08 20:26:09,560][udp_to_serial]b'{"type": "telem", "bearing": null, "arm": false, "heartbeat": 160}'
[DEBUG][2021-05-08 20:26:10,167][serial_to_udp]Idle: Serial read timeout
[DEBUG][2021-05-08 20:26:10,661][udp_to_serial]b'{"type": "telem", "bearing": null, "arm": false, "heartbeat": 161}'
[DEBUG][2021-05-08 20:26:11,169][serial_to_udp]Idle: Serial read timeout
[DEBUG][2021-05-08 20:26:11,763][udp_to_serial]b'{"type": "telem", "bearing": null, "arm": false, "heartbeat": 161}'
[DEBUG][2021-05-08 20:26:12,170][serial_to_udp]Idle: Serial read timeout
[DEBUG][2021-05-08 20:26:12,865][udp_to_serial]b'{"type": "telem", "bearing": null, "arm": false, "heartbeat": 162}'
[DEBUG][2021-05-08 20:26:13,171][serial_to_udp]Idle: Serial read timeout
[DEBUG][2021-05-08 20:26:13,970][udp_to_serial]b'{"type": "telem", "bearing": null, "arm": false, "heartbeat": 163}'
[DEBUG][2021-05-08 20:26:14,172][serial_to_udp]Idle: Serial read timeout
[DEBUG][2021-05-08 20:26:15,168][udp_to_serial]b'{"type": "telem", "bearing": null, "arm": false, "heartbeat": 165}'
[DEBUG][2021-05-08 20:26:15,174][serial_to_udp]Idle: Serial read timeout
[DEBUG][2021-05-08 20:26:16,175][serial_to_udp]Idle: Serial read timeout
[DEBUG][2021-05-08 20:26:16,270][udp_to_serial]b'{"type": "telem", "bearing": null, "arm": false, "heartbeat": 166}'
[DEBUG][2021-05-08 20:26:17,177][serial_to_udp]Idle: Serial read timeout
[DEBUG][2021-05-08 20:26:17,371][udp_to_serial]b'{"type": "telem", "bearing": null, "arm": false, "heartbeat": 167}'
[DEBUG][2021-05-08 20:26:18,178][serial_to_udp]Idle: Serial read timeout
[DEBUG][2021-05-08 20:26:18,473][udp_to_serial]b'{"type": "telem", "bearing": null, "arm": false, "heartbeat": 168}'
[DEBUG][2021-05-08 20:26:19,180][serial_to_udp]Idle: Serial read timeout
[DEBUG][2021-05-08 20:26:19,575][udp_to_serial]b'{"type": "telem", "bearing": null, "arm": false, "heartbeat": 169}'
[DEBUG][2021-05-08 20:26:20,181][serial_to_udp]Idle: Serial read timeout
[DEBUG][2021-05-08 20:26:20,677][udp_to_serial]b'{"type": "telem", "bearing": null, "arm": false, "heartbeat": 170}'
[DEBUG][2021-05-08 20:26:21,183][serial_to_udp]Idle: Serial read timeout
[DEBUG][2021-05-08 20:26:21,779][udp_to_serial]b'{"type": "telem", "bearing": null, "arm": false, "heartbeat": 171}'
[DEBUG][2021-05-08 20:26:22,185][serial_to_udp]Idle: Serial read timeout
[DEBUG][2021-05-08 20:26:22,881][udp_to_serial]b'{"type": "telem", "bearing": null, "arm": false, "heartbeat": 171}'
[DEBUG][2021-05-08 20:26:23,186][serial_to_udp]Idle: Serial read timeout
[DEBUG][2021-05-08 20:26:23,984][udp_to_serial]b'{"type": "telem", "bearing": null, "arm": false, "heartbeat": 172}'
[DEBUG][2021-05-08 20:26:24,188][serial_to_udp]Idle: Serial read timeout
[DEBUG][2021-05-08 20:26:25,183][udp_to_serial]b'{"type": "telem", "bearing": null, "arm": false, "heartbeat": 174}'
[DEBUG][2021-05-08 20:26:25,189][serial_to_udp]Idle: Serial read timeout
[DEBUG][2021-05-08 20:26:26,191][serial_to_udp]Idle: Serial read timeout
[DEBUG][2021-05-08 20:26:26,285][udp_to_serial]b'{"type": "telem", "bearing": null, "arm": false, "heartbeat": 175}'
[DEBUG][2021-05-08 20:26:27,201][serial_to_udp]Idle: Serial read timeout
[DEBUG][2021-05-08 20:26:27,387][udp_to_serial]b'{"type": "telem", "bearing": null, "arm": false, "heartbeat": 176}'
[DEBUG][2021-05-08 20:26:28,202][serial_to_udp]Idle: Serial read timeout
[DEBUG][2021-05-08 20:26:28,491][udp_to_serial]b'{"type": "telem", "bearing": null, "arm": false, "heartbeat": 177}'
[DEBUG][2021-05-08 20:26:29,204][serial_to_udp]Idle: Serial read timeout
[DEBUG][2021-05-08 20:26:29,593][udp_to_serial]b'{"type": "telem", "bearing": null, "arm": false, "heartbeat": 178}'
[DEBUG][2021-05-08 20:26:30,205][serial_to_udp]Idle: Serial read timeout
[DEBUG][2021-05-08 20:26:30,695][udp_to_serial]b'{"type": "telem", "bearing": null, "arm": false, "heartbeat": 179}'
[DEBUG][2021-05-08 20:26:31,207][serial_to_udp]Idle: Serial read timeout
[DEBUG][2021-05-08 20:26:31,797][udp_to_serial]b'{"type": "telem", "bearing": null, "arm": false, "heartbeat": 180}'
[DEBUG][2021-05-08 20:26:32,209][serial_to_udp]Idle: Serial read timeout
[DEBUG][2021-05-08 20:26:32,899][udp_to_serial]b'{"type": "telem", "bearing": null, "arm": false, "heartbeat": 180}'
[DEBUG][2021-05-08 20:26:33,210][serial_to_udp]Idle: Serial read timeout
[DEBUG][2021-05-08 20:26:34,001][udp_to_serial]b'{"type": "telem", "bearing": null, "arm": false, "heartbeat": 181}'
[DEBUG][2021-05-08 20:26:34,221][serial_to_udp]Idle: Serial read timeout
[DEBUG][2021-05-08 20:26:35,196][udp_to_serial]b'{"type": "telem", "bearing": null, "arm": false, "heartbeat": 182}'
[DEBUG][2021-05-08 20:26:35,222][serial_to_udp]Idle: Serial read timeout
[DEBUG][2021-05-08 20:26:36,224][serial_to_udp]Idle: Serial read timeout
[DEBUG][2021-05-08 20:26:36,298][udp_to_serial]b'{"type": "telem", "bearing": null, "arm": false, "heartbeat": 183}'
[DEBUG][2021-05-08 20:26:37,225][serial_to_udp]Idle: Serial read timeout
[DEBUG][2021-05-08 20:26:37,399][udp_to_serial]b'{"type": "telem", "bearing": null, "arm": false, "heartbeat": 184}'
[DEBUG][2021-05-08 20:26:38,227][serial_to_udp]Idle: Serial read timeout
[DEBUG][2021-05-08 20:26:38,501][udp_to_serial]b'{"type": "telem", "bearing": null, "arm": false, "heartbeat": 185}'
[DEBUG][2021-05-08 20:26:39,228][serial_to_udp]Idle: Serial read timeout
[DEBUG][2021-05-08 20:26:39,604][udp_to_serial]b'{"type": "telem", "bearing": null, "arm": false, "heartbeat": 186}'
[DEBUG][2021-05-08 20:26:40,230][serial_to_udp]Idle: Serial read timeout
[DEBUG][2021-05-08 20:26:40,706][udp_to_serial]b'{"type": "telem", "bearing": null, "arm": false, "heartbeat": 187}'
[DEBUG][2021-05-08 20:26:41,231][serial_to_udp]Idle: Serial read timeout
[DEBUG][2021-05-08 20:26:41,807][udp_to_serial]b'{"type": "telem", "bearing": null, "arm": false, "heartbeat": 188}'
[DEBUG][2021-05-08 20:26:42,233][serial_to_udp]Idle: Serial read timeout
[DEBUG][2021-05-08 20:26:42,909][udp_to_serial]b'{"type": "telem", "bearing": null, "arm": false, "heartbeat": 189}'
[DEBUG][2021-05-08 20:26:43,235][serial_to_udp]Idle: Serial read timeout
[DEBUG][2021-05-08 20:26:44,011][udp_to_serial]b'{"type": "telem", "bearing": null, "arm": false, "heartbeat": 190}'
[DEBUG][2021-05-08 20:26:44,236][serial_to_udp]Idle: Serial read timeout
[DEBUG][2021-05-08 20:26:45,208][udp_to_serial]b'{"type": "telem", "bearing": null, "arm": false, "heartbeat": 191}'
[DEBUG][2021-05-08 20:26:45,238][serial_to_udp]Idle: Serial read timeout
[DEBUG][2021-05-08 20:26:46,239][serial_to_udp]Idle: Serial read timeout
[DEBUG][2021-05-08 20:26:46,310][udp_to_serial]b'{"type": "telem", "bearing": null, "arm": false, "heartbeat": 192}'
[DEBUG][2021-05-08 20:26:47,241][serial_to_udp]Idle: Serial read timeout
[DEBUG][2021-05-08 20:26:47,411][udp_to_serial]b'{"type": "telem", "bearing": null, "arm": false, "heartbeat": 193}'
[DEBUG][2021-05-08 20:26:48,242][serial_to_udp]Idle: Serial read timeout
[DEBUG][2021-05-08 20:26:48,513][udp_to_serial]b'{"type": "telem", "bearing": null, "arm": false, "heartbeat": 194}'
[DEBUG][2021-05-08 20:26:49,244][serial_to_udp]Idle: Serial read timeout
[DEBUG][2021-05-08 20:26:49,615][udp_to_serial]b'{"type": "telem", "bearing": null, "arm": false, "heartbeat": 195}'
[DEBUG][2021-05-08 20:26:50,245][serial_to_udp]Idle: Serial read timeout
[DEBUG][2021-05-08 20:26:50,717][udp_to_serial]b'{"type": "telem", "bearing": null, "arm": false, "heartbeat": 196}'
[DEBUG][2021-05-08 20:26:51,247][serial_to_udp]Idle: Serial read timeout
[DEBUG][2021-05-08 20:26:51,818][udp_to_serial]b'{"type": "telem", "bearing": null, "arm": false, "heartbeat": 197}'
[DEBUG][2021-05-08 20:26:52,248][serial_to_udp]Idle: Serial read timeout
[DEBUG][2021-05-08 20:26:52,920][udp_to_serial]b'{"type": "telem", "bearing": null, "arm": false, "heartbeat": 198}'
[DEBUG][2021-05-08 20:26:53,249][serial_to_udp]Idle: Serial read timeout
[DEBUG][2021-05-08 20:26:54,021][udp_to_serial]b'{"type": "telem", "bearing": null, "arm": false, "heartbeat": 199}'
[DEBUG][2021-05-08 20:26:54,251][serial_to_udp]Idle: Serial read timeout
[DEBUG][2021-05-08 20:26:55,220][udp_to_serial]b'{"type": "telem", "bearing": null, "arm": false, "heartbeat": 201}'
[DEBUG][2021-05-08 20:26:55,252][serial_to_udp]Idle: Serial read timeout
[DEBUG][2021-05-08 20:26:56,254][serial_to_udp]Idle: Serial read timeout
[DEBUG][2021-05-08 20:26:56,322][udp_to_serial]b'{"type": "telem", "bearing": null, "arm": false, "heartbeat": 201}'
[DEBUG][2021-05-08 20:26:57,255][serial_to_udp]Idle: Serial read timeout
[DEBUG][2021-05-08 20:26:57,424][udp_to_serial]b'{"type": "telem", "bearing": null, "arm": false, "heartbeat": 202}'
[DEBUG][2021-05-08 20:26:58,257][serial_to_udp]Idle: Serial read timeout
[DEBUG][2021-05-08 20:26:58,525][udp_to_serial]b'{"type": "telem", "bearing": null, "arm": false, "heartbeat": 203}'
[DEBUG][2021-05-08 20:26:59,258][serial_to_udp]Idle: Serial read timeout
[DEBUG][2021-05-08 20:26:59,627][udp_to_serial]b'{"type": "telem", "bearing": null, "arm": false, "heartbeat": 204}'
[DEBUG][2021-05-08 20:27:00,260][serial_to_udp]Idle: Serial read timeout
[DEBUG][2021-05-08 20:27:00,729][udp_to_serial]b'{"type": "telem", "bearing": null, "arm": false, "heartbeat": 205}'
[DEBUG][2021-05-08 20:27:01,261][serial_to_udp]Idle: Serial read timeout
[DEBUG][2021-05-08 20:27:01,831][udp_to_serial]b'{"type": "telem", "bearing": null, "arm": false, "heartbeat": 206}'
[DEBUG][2021-05-08 20:27:02,262][serial_to_udp]Idle: Serial read timeout
[DEBUG][2021-05-08 20:27:02,932][udp_to_serial]b'{"type": "telem", "bearing": null, "arm": false, "heartbeat": 207}'
[DEBUG][2021-05-08 20:27:03,264][serial_to_udp]Idle: Serial read timeout
[DEBUG][2021-05-08 20:27:04,034][udp_to_serial]b'{"type": "telem", "bearing": null, "arm": false, "heartbeat": 208}'
[DEBUG][2021-05-08 20:27:04,265][serial_to_udp]Idle: Serial read timeout
[DEBUG][2021-05-08 20:27:05,233][udp_to_serial]b'{"type": "telem", "bearing": null, "arm": false, "heartbeat": 210}'
[DEBUG][2021-05-08 20:27:05,271][serial_to_udp]Idle: Serial read timeout
[DEBUG][2021-05-08 20:27:06,272][serial_to_udp]Idle: Serial read timeout
[DEBUG][2021-05-08 20:27:06,334][udp_to_serial]b'{"type": "telem", "bearing": null, "arm": false, "heartbeat": 211}'
[DEBUG][2021-05-08 20:27:07,274][serial_to_udp]Idle: Serial read timeout
[DEBUG][2021-05-08 20:27:07,436][udp_to_serial]b'{"type": "telem", "bearing": null, "arm": false, "heartbeat": 211}'
[DEBUG][2021-05-08 20:27:08,275][serial_to_udp]Idle: Serial read timeout
[DEBUG][2021-05-08 20:27:08,538][udp_to_serial]b'{"type": "telem", "bearing": null, "arm": false, "heartbeat": 212}'
[DEBUG][2021-05-08 20:27:09,277][serial_to_udp]Idle: Serial read timeout
[DEBUG][2021-05-08 20:27:09,640][udp_to_serial]b'{"type": "telem", "bearing": null, "arm": false, "heartbeat": 213}'
[DEBUG][2021-05-08 20:27:10,279][serial_to_udp]Idle: Serial read timeout
[DEBUG][2021-05-08 20:27:10,741][udp_to_serial]b'{"type": "telem", "bearing": null, "arm": false, "heartbeat": 214}'
[DEBUG][2021-05-08 20:27:11,280][serial_to_udp]Idle: Serial read timeout
[DEBUG][2021-05-08 20:27:11,843][udp_to_serial]b'{"type": "telem", "bearing": null, "arm": false, "heartbeat": 215}'
[DEBUG][2021-05-08 20:27:12,282][serial_to_udp]Idle: Serial read timeout
[DEBUG][2021-05-08 20:27:12,945][udp_to_serial]b'{"type": "telem", "bearing": null, "arm": false, "heartbeat": 216}'
[DEBUG][2021-05-08 20:27:13,283][serial_to_udp]Idle: Serial read timeout
[DEBUG][2021-05-08 20:27:14,046][udp_to_serial]b'{"type": "telem", "bearing": null, "arm": false, "heartbeat": 217}'
[DEBUG][2021-05-08 20:27:14,284][serial_to_udp]Idle: Serial read timeout
[DEBUG][2021-05-08 20:27:15,245][udp_to_serial]b'{"type": "telem", "bearing": null, "arm": false, "heartbeat": 219}'
[DEBUG][2021-05-08 20:27:15,285][serial_to_udp]Idle: Serial read timeout
[DEBUG][2021-05-08 20:27:16,287][serial_to_udp]Idle: Serial read timeout
[DEBUG][2021-05-08 20:27:16,347][udp_to_serial]b'{"type": "telem", "bearing": null, "arm": false, "heartbeat": 220}'
[DEBUG][2021-05-08 20:27:17,288][serial_to_udp]Idle: Serial read timeout
[DEBUG][2021-05-08 20:27:17,449][udp_to_serial]b'{"type": "telem", "bearing": null, "arm": false, "heartbeat": 221}'
[DEBUG][2021-05-08 20:27:18,290][serial_to_udp]Idle: Serial read timeout
[DEBUG][2021-05-08 20:27:18,550][udp_to_serial]b'{"type": "telem", "bearing": null, "arm": false, "heartbeat": 221}'
[DEBUG][2021-05-08 20:27:19,291][serial_to_udp]Idle: Serial read timeout
[DEBUG][2021-05-08 20:27:19,652][udp_to_serial]b'{"type": "telem", "bearing": null, "arm": false, "heartbeat": 222}'
[DEBUG][2021-05-08 20:27:20,292][serial_to_udp]Idle: Serial read timeout
[DEBUG][2021-05-08 20:27:20,754][udp_to_serial]b'{"type": "telem", "bearing": null, "arm": false, "heartbeat": 223}'
[DEBUG][2021-05-08 20:27:21,294][serial_to_udp]Idle: Serial read timeout
[DEBUG][2021-05-08 20:27:21,856][udp_to_serial]b'{"type": "telem", "bearing": null, "arm": false, "heartbeat": 224}'
[DEBUG][2021-05-08 20:27:22,295][serial_to_udp]Idle: Serial read timeout
[DEBUG][2021-05-08 20:27:22,957][udp_to_serial]b'{"type": "telem", "bearing": null, "arm": false, "heartbeat": 225}'
[DEBUG][2021-05-08 20:27:23,297][serial_to_udp]Idle: Serial read timeout
[DEBUG][2021-05-08 20:27:24,059][udp_to_serial]b'{"type": "telem", "bearing": null, "arm": false, "heartbeat": 226}'
[DEBUG][2021-05-08 20:27:24,298][serial_to_udp]Idle: Serial read timeout
[DEBUG][2021-05-08 20:27:25,256][udp_to_serial]b'{"type": "telem", "bearing": null, "arm": false, "heartbeat": 228}'
[DEBUG][2021-05-08 20:27:25,300][serial_to_udp]Idle: Serial read timeout
[DEBUG][2021-05-08 20:27:26,301][serial_to_udp]Idle: Serial read timeout
[DEBUG][2021-05-08 20:27:26,358][udp_to_serial]b'{"type": "telem", "bearing": null, "arm": false, "heartbeat": 229}'
[DEBUG][2021-05-08 20:27:27,303][serial_to_udp]Idle: Serial read timeout
[DEBUG][2021-05-08 20:27:27,460][udp_to_serial]b'{"type": "telem", "bearing": null, "arm": false, "heartbeat": 230}'
[DEBUG][2021-05-08 20:27:28,304][serial_to_udp]Idle: Serial read timeout
[DEBUG][2021-05-08 20:27:28,561][udp_to_serial]b'{"type": "telem", "bearing": null, "arm": false, "heartbeat": 231}'
[DEBUG][2021-05-08 20:27:29,306][serial_to_udp]Idle: Serial read timeout
[DEBUG][2021-05-08 20:27:29,663][udp_to_serial]b'{"type": "telem", "bearing": null, "arm": false, "heartbeat": 231}'
[DEBUG][2021-05-08 20:27:30,307][serial_to_udp]Idle: Serial read timeout
[DEBUG][2021-05-08 20:27:30,765][udp_to_serial]b'{"type": "telem", "bearing": null, "arm": false, "heartbeat": 232}'
[DEBUG][2021-05-08 20:27:31,308][serial_to_udp]Idle: Serial read timeout
[DEBUG][2021-05-08 20:27:31,866][udp_to_serial]b'{"type": "telem", "bearing": null, "arm": false, "heartbeat": 233}'
[DEBUG][2021-05-08 20:27:32,310][serial_to_udp]Idle: Serial read timeout
[DEBUG][2021-05-08 20:27:32,968][udp_to_serial]b'{"type": "telem", "bearing": null, "arm": false, "heartbeat": 234}'
[DEBUG][2021-05-08 20:27:33,311][serial_to_udp]Idle: Serial read timeout
[DEBUG][2021-05-08 20:27:34,070][udp_to_serial]b'{"type": "telem", "bearing": null, "arm": false, "heartbeat": 235}'
[DEBUG][2021-05-08 20:27:34,313][serial_to_udp]Idle: Serial read timeout
[DEBUG][2021-05-08 20:27:35,268][udp_to_serial]b'{"type": "telem", "bearing": null, "arm": false, "heartbeat": 237}'
[DEBUG][2021-05-08 20:27:35,314][serial_to_udp]Idle: Serial read timeout
[DEBUG][2021-05-08 20:27:36,316][serial_to_udp]Idle: Serial read timeout
[DEBUG][2021-05-08 20:27:36,370][udp_to_serial]b'{"type": "telem", "bearing": null, "arm": false, "heartbeat": 238}'
[DEBUG][2021-05-08 20:27:37,317][serial_to_udp]Idle: Serial read timeout
[DEBUG][2021-05-08 20:27:37,472][udp_to_serial]b'{"type": "telem", "bearing": null, "arm": false, "heartbeat": 239}'
[DEBUG][2021-05-08 20:27:38,318][serial_to_udp]Idle: Serial read timeout
[DEBUG][2021-05-08 20:27:38,574][udp_to_serial]b'{"type": "telem", "bearing": null, "arm": false, "heartbeat": 240}'
[DEBUG][2021-05-08 20:27:39,320][serial_to_udp]Idle: Serial read timeout
[DEBUG][2021-05-08 20:27:39,676][udp_to_serial]b'{"type": "telem", "bearing": null, "arm": false, "heartbeat": 241}'
[DEBUG][2021-05-08 20:27:40,321][serial_to_udp]Idle: Serial read timeout
[DEBUG][2021-05-08 20:27:40,777][udp_to_serial]b'{"type": "telem", "bearing": null, "arm": false, "heartbeat": 241}'
[DEBUG][2021-05-08 20:27:41,323][serial_to_udp]Idle: Serial read timeout
[DEBUG][2021-05-08 20:27:41,879][udp_to_serial]b'{"type": "telem", "bearing": null, "arm": false, "heartbeat": 242}'
[DEBUG][2021-05-08 20:27:42,324][serial_to_udp]Idle: Serial read timeout
[DEBUG][2021-05-08 20:27:42,981][udp_to_serial]b'{"type": "telem", "bearing": null, "arm": false, "heartbeat": 243}'
[DEBUG][2021-05-08 20:27:43,326][serial_to_udp]Idle: Serial read timeout
[DEBUG][2021-05-08 20:27:44,083][udp_to_serial]b'{"type": "telem", "bearing": null, "arm": false, "heartbeat": 244}'
[DEBUG][2021-05-08 20:27:44,327][serial_to_udp]Idle: Serial read timeout
[DEBUG][2021-05-08 20:27:45,281][udp_to_serial]b'{"type": "telem", "bearing": null, "arm": false, "heartbeat": 246}'
[DEBUG][2021-05-08 20:27:45,328][serial_to_udp]Idle: Serial read timeout
[DEBUG][2021-05-08 20:27:46,330][serial_to_udp]Idle: Serial read timeout
[DEBUG][2021-05-08 20:27:46,383][udp_to_serial]b'{"type": "telem", "bearing": null, "arm": false, "heartbeat": 247}'
[DEBUG][2021-05-08 20:27:47,331][serial_to_udp]Idle: Serial read timeout
[DEBUG][2021-05-08 20:27:47,484][udp_to_serial]b'{"type": "telem", "bearing": null, "arm": false, "heartbeat": 248}'
[DEBUG][2021-05-08 20:27:48,333][serial_to_udp]Idle: Serial read timeout
[DEBUG][2021-05-08 20:27:48,586][udp_to_serial]b'{"type": "telem", "bearing": null, "arm": false, "heartbeat": 249}'
[DEBUG][2021-05-08 20:27:49,334][serial_to_udp]Idle: Serial read timeout
[DEBUG][2021-05-08 20:27:49,688][udp_to_serial]b'{"type": "telem", "bearing": null, "arm": false, "heartbeat": 250}'
[DEBUG][2021-05-08 20:27:50,336][serial_to_udp]Idle: Serial read timeout
[DEBUG][2021-05-08 20:27:50,790][udp_to_serial]b'{"type": "telem", "bearing": null, "arm": false, "heartbeat": 251}'
[DEBUG][2021-05-08 20:27:51,338][serial_to_udp]Idle: Serial read timeout
[DEBUG][2021-05-08 20:27:51,891][udp_to_serial]b'{"type": "telem", "bearing": null, "arm": false, "heartbeat": 251}'
[DEBUG][2021-05-08 20:27:52,340][serial_to_udp]Idle: Serial read timeout
[DEBUG][2021-05-08 20:27:52,993][udp_to_serial]b'{"type": "telem", "bearing": null, "arm": false, "heartbeat": 252}'
[DEBUG][2021-05-08 20:27:53,341][serial_to_udp]Idle: Serial read timeout
[DEBUG][2021-05-08 20:27:54,095][udp_to_serial]b'{"type": "telem", "bearing": null, "arm": false, "heartbeat": 253}'
[DEBUG][2021-05-08 20:27:54,343][serial_to_udp]Idle: Serial read timeout
[DEBUG][2021-05-08 20:27:55,293][udp_to_serial]b'{"type": "telem", "bearing": null, "arm": false, "heartbeat": 255}'
[DEBUG][2021-05-08 20:27:55,344][serial_to_udp]Idle: Serial read timeout
[DEBUG][2021-05-08 20:27:56,345][serial_to_udp]Idle: Serial read timeout
[DEBUG][2021-05-08 20:27:56,395][udp_to_serial]b'{"type": "telem", "bearing": null, "arm": false, "heartbeat": 256}'
[DEBUG][2021-05-08 20:27:57,347][serial_to_udp]Idle: Serial read timeout
[DEBUG][2021-05-08 20:27:57,496][udp_to_serial]b'{"type": "telem", "bearing": null, "arm": false, "heartbeat": 257}'
[DEBUG][2021-05-08 20:27:58,348][serial_to_udp]Idle: Serial read timeout
[DEBUG][2021-05-08 20:27:58,598][udp_to_serial]b'{"type": "telem", "bearing": null, "arm": false, "heartbeat": 258}'
[DEBUG][2021-05-08 20:27:59,350][serial_to_udp]Idle: Serial read timeout
[DEBUG][2021-05-08 20:27:59,700][udp_to_serial]b'{"type": "telem", "bearing": null, "arm": false, "heartbeat": 259}'
[DEBUG][2021-05-08 20:28:00,351][serial_to_udp]Idle: Serial read timeout
[DEBUG][2021-05-08 20:28:00,801][udp_to_serial]b'{"type": "telem", "bearing": null, "arm": false, "heartbeat": 260}'
[DEBUG][2021-05-08 20:28:01,352][serial_to_udp]Idle: Serial read timeout
[DEBUG][2021-05-08 20:28:01,903][udp_to_serial]b'{"type": "telem", "bearing": null, "arm": false, "heartbeat": 261}'
[DEBUG][2021-05-08 20:28:02,354][serial_to_udp]Idle: Serial read timeout
[DEBUG][2021-05-08 20:28:03,005][udp_to_serial]b'{"type": "telem", "bearing": null, "arm": false, "heartbeat": 261}'
[DEBUG][2021-05-08 20:28:03,355][serial_to_udp]Idle: Serial read timeout
[DEBUG][2021-05-08 20:28:04,107][udp_to_serial]b'{"type": "telem", "bearing": null, "arm": false, "heartbeat": 262}'
[DEBUG][2021-05-08 20:28:04,357][serial_to_udp]Idle: Serial read timeout
[DEBUG][2021-05-08 20:28:05,305][udp_to_serial]b'{"type": "telem", "bearing": null, "arm": false, "heartbeat": 264}'
[DEBUG][2021-05-08 20:28:05,358][serial_to_udp]Idle: Serial read timeout
[DEBUG][2021-05-08 20:28:06,359][serial_to_udp]Idle: Serial read timeout
[DEBUG][2021-05-08 20:28:06,407][udp_to_serial]b'{"type": "telem", "bearing": null, "arm": false, "heartbeat": 265}'
[DEBUG][2021-05-08 20:28:07,361][serial_to_udp]Idle: Serial read timeout
[DEBUG][2021-05-08 20:28:07,509][udp_to_serial]b'{"type": "telem", "bearing": null, "arm": false, "heartbeat": 266}'
[DEBUG][2021-05-08 20:28:08,362][serial_to_udp]Idle: Serial read timeout
[DEBUG][2021-05-08 20:28:08,610][udp_to_serial]b'{"type": "telem", "bearing": null, "arm": false, "heartbeat": 267}'
[DEBUG][2021-05-08 20:28:09,364][serial_to_udp]Idle: Serial read timeout
[DEBUG][2021-05-08 20:28:09,712][udp_to_serial]b'{"type": "telem", "bearing": null, "arm": false, "heartbeat": 268}'
[DEBUG][2021-05-08 20:28:10,365][serial_to_udp]Idle: Serial read timeout
[DEBUG][2021-05-08 20:28:10,814][udp_to_serial]b'{"type": "telem", "bearing": null, "arm": false, "heartbeat": 269}'
[DEBUG][2021-05-08 20:28:11,367][serial_to_udp]Idle: Serial read timeout
[DEBUG][2021-05-08 20:28:11,916][udp_to_serial]b'{"type": "telem", "bearing": null, "arm": false, "heartbeat": 270}'
[DEBUG][2021-05-08 20:28:12,368][serial_to_udp]Idle: Serial read timeout
[DEBUG][2021-05-08 20:28:13,018][udp_to_serial]b'{"type": "telem", "bearing": null, "arm": false, "heartbeat": 271}'
[DEBUG][2021-05-08 20:28:13,369][serial_to_udp]Idle: Serial read timeout
[DEBUG][2021-05-08 20:28:14,121][udp_to_serial]b'{"type": "telem", "bearing": null, "arm": false, "heartbeat": 271}'
[DEBUG][2021-05-08 20:28:14,371][serial_to_udp]Idle: Serial read timeout
[DEBUG][2021-05-08 20:28:15,317][udp_to_serial]b'{"type": "telem", "bearing": null, "arm": false, "heartbeat": 273}'
[DEBUG][2021-05-08 20:28:15,373][serial_to_udp]Idle: Serial read timeout
[DEBUG][2021-05-08 20:28:16,374][serial_to_udp]Idle: Serial read timeout
[DEBUG][2021-05-08 20:28:16,419][udp_to_serial]b'{"type": "telem", "bearing": null, "arm": false, "heartbeat": 274}'
[DEBUG][2021-05-08 20:28:17,376][serial_to_udp]Idle: Serial read timeout
[DEBUG][2021-05-08 20:28:17,520][udp_to_serial]b'{"type": "telem", "bearing": null, "arm": false, "heartbeat": 275}'
[DEBUG][2021-05-08 20:28:18,378][serial_to_udp]Idle: Serial read timeout
[DEBUG][2021-05-08 20:28:18,622][udp_to_serial]b'{"type": "telem", "bearing": null, "arm": false, "heartbeat": 276}'
[DEBUG][2021-05-08 20:28:19,379][serial_to_udp]Idle: Serial read timeout
[DEBUG][2021-05-08 20:28:19,724][udp_to_serial]b'{"type": "telem", "bearing": null, "arm": false, "heartbeat": 277}'
[DEBUG][2021-05-08 20:28:20,381][serial_to_udp]Idle: Serial read timeout
[DEBUG][2021-05-08 20:28:20,826][udp_to_serial]b'{"type": "telem", "bearing": null, "arm": false, "heartbeat": 278}'
[DEBUG][2021-05-08 20:28:21,382][serial_to_udp]Idle: Serial read timeout
[DEBUG][2021-05-08 20:28:21,928][udp_to_serial]b'{"type": "telem", "bearing": null, "arm": false, "heartbeat": 279}'
[DEBUG][2021-05-08 20:28:22,384][serial_to_udp]Idle: Serial read timeout
[DEBUG][2021-05-08 20:28:23,029][udp_to_serial]b'{"type": "telem", "bearing": null, "arm": false, "heartbeat": 280}'
[DEBUG][2021-05-08 20:28:23,385][serial_to_udp]Idle: Serial read timeout
[DEBUG][2021-05-08 20:28:24,131][udp_to_serial]b'{"type": "telem", "bearing": null, "arm": false, "heartbeat": 281}'
[DEBUG][2021-05-08 20:28:24,387][serial_to_udp]Idle: Serial read timeout
[DEBUG][2021-05-08 20:28:25,329][udp_to_serial]b'{"type": "telem", "bearing": null, "arm": false, "heartbeat": 282}'
[DEBUG][2021-05-08 20:28:25,388][serial_to_udp]Idle: Serial read timeout
[DEBUG][2021-05-08 20:28:26,390][serial_to_udp]Idle: Serial read timeout
[DEBUG][2021-05-08 20:28:26,431][udp_to_serial]b'{"type": "telem", "bearing": null, "arm": false, "heartbeat": 283}'
[DEBUG][2021-05-08 20:28:27,391][serial_to_udp]Idle: Serial read timeout
[DEBUG][2021-05-08 20:28:27,533][udp_to_serial]b'{"type": "telem", "bearing": null, "arm": false, "heartbeat": 284}'
[DEBUG][2021-05-08 20:28:28,393][serial_to_udp]Idle: Serial read timeout
[DEBUG][2021-05-08 20:28:28,635][udp_to_serial]b'{"type": "telem", "bearing": null, "arm": false, "heartbeat": 285}'
[DEBUG][2021-05-08 20:28:29,394][serial_to_udp]Idle: Serial read timeout
[DEBUG][2021-05-08 20:28:29,736][udp_to_serial]b'{"type": "telem", "bearing": null, "arm": false, "heartbeat": 286}'
[DEBUG][2021-05-08 20:28:30,396][serial_to_udp]Idle: Serial read timeout
[DEBUG][2021-05-08 20:28:30,838][udp_to_serial]b'{"type": "telem", "bearing": null, "arm": false, "heartbeat": 287}'
[DEBUG][2021-05-08 20:28:31,397][serial_to_udp]Idle: Serial read timeout
[DEBUG][2021-05-08 20:28:31,940][udp_to_serial]b'{"type": "telem", "bearing": null, "arm": false, "heartbeat": 288}'
[DEBUG][2021-05-08 20:28:32,398][serial_to_udp]Idle: Serial read timeout
[DEBUG][2021-05-08 20:28:33,041][udp_to_serial]b'{"type": "telem", "bearing": null, "arm": false, "heartbeat": 289}'
[DEBUG][2021-05-08 20:28:33,400][serial_to_udp]Idle: Serial read timeout
[DEBUG][2021-05-08 20:28:34,143][udp_to_serial]b'{"type": "telem", "bearing": null, "arm": false, "heartbeat": 290}'
[DEBUG][2021-05-08 20:28:34,401][serial_to_udp]Idle: Serial read timeout
[DEBUG][2021-05-08 20:28:35,341][udp_to_serial]b'{"type": "telem", "bearing": null, "arm": false, "heartbeat": 291}'
[DEBUG][2021-05-08 20:28:35,403][serial_to_udp]Idle: Serial read timeout
[DEBUG][2021-05-08 20:28:36,404][serial_to_udp]Idle: Serial read timeout
[DEBUG][2021-05-08 20:28:36,443][udp_to_serial]b'{"type": "telem", "bearing": null, "arm": false, "heartbeat": 292}'
[DEBUG][2021-05-08 20:28:37,406][serial_to_udp]Idle: Serial read timeout
[DEBUG][2021-05-08 20:28:37,545][udp_to_serial]b'{"type": "telem", "bearing": null, "arm": false, "heartbeat": 293}'
[DEBUG][2021-05-08 20:28:38,407][serial_to_udp]Idle: Serial read timeout
[DEBUG][2021-05-08 20:28:38,646][udp_to_serial]b'{"type": "telem", "bearing": null, "arm": false, "heartbeat": 294}'
[DEBUG][2021-05-08 20:28:39,409][serial_to_udp]Idle: Serial read timeout
[DEBUG][2021-05-08 20:28:39,748][udp_to_serial]b'{"type": "telem", "bearing": null, "arm": false, "heartbeat": 295}'
[DEBUG][2021-05-08 20:28:40,410][serial_to_udp]Idle: Serial read timeout
[DEBUG][2021-05-08 20:28:40,850][udp_to_serial]b'{"type": "telem", "bearing": null, "arm": false, "heartbeat": 295}'
[DEBUG][2021-05-08 20:28:41,412][serial_to_udp]Idle: Serial read timeout
[DEBUG][2021-05-08 20:28:41,951][udp_to_serial]b'{"type": "telem", "bearing": null, "arm": false, "heartbeat": 296}'
[DEBUG][2021-05-08 20:28:42,413][serial_to_udp]Idle: Serial read timeout
[DEBUG][2021-05-08 20:28:43,053][udp_to_serial]b'{"type": "telem", "bearing": null, "arm": false, "heartbeat": 297}'
[DEBUG][2021-05-08 20:28:43,414][serial_to_udp]Idle: Serial read timeout
[DEBUG][2021-05-08 20:28:44,155][udp_to_serial]b'{"type": "telem", "bearing": null, "arm": false, "heartbeat": 298}'
[DEBUG][2021-05-08 20:28:44,416][serial_to_udp]Idle: Serial read timeout
[DEBUG][2021-05-08 20:28:45,354][udp_to_serial]b'{"type": "telem", "bearing": null, "arm": false, "heartbeat": 300}'
[DEBUG][2021-05-08 20:28:45,417][serial_to_udp]Idle: Serial read timeout
[DEBUG][2021-05-08 20:28:46,419][serial_to_udp]Idle: Serial read timeout
[DEBUG][2021-05-08 20:28:46,456][udp_to_serial]b'{"type": "telem", "bearing": null, "arm": false, "heartbeat": 301}'
[DEBUG][2021-05-08 20:28:47,420][serial_to_udp]Idle: Serial read timeout
[DEBUG][2021-05-08 20:28:47,559][udp_to_serial]b'{"type": "telem", "bearing": null, "arm": false, "heartbeat": 301}'
[DEBUG][2021-05-08 20:28:48,422][serial_to_udp]Idle: Serial read timeout
[DEBUG][2021-05-08 20:28:48,661][udp_to_serial]b'{"type": "telem", "bearing": null, "arm": false, "heartbeat": 302}'
[DEBUG][2021-05-08 20:28:49,382][serial_to_udp]b'{"type":"cmd","cmd":"sync"}\n'
[DEBUG][2021-05-08 20:29:30,069][serial_to_udp]Idle: Serial read timeout
[DEBUG][2021-05-08 20:29:30,171][udp_to_serial]b'{"type": "telem", "bearing": null, "arm": false, "heartbeat": 340}'
[DEBUG][2021-05-08 20:29:31,071][serial_to_udp]Idle: Serial read timeout
[DEBUG][2021-05-08 20:29:31,275][udp_to_serial]b'{"type": "telem", "bearing": null, "arm": false, "heartbeat": 341}'
[DEBUG][2021-05-08 20:29:32,073][serial_to_udp]Idle: Serial read timeout
[DEBUG][2021-05-08 20:29:32,419][udp_to_serial]b'{"type": "telem", "bearing": -130, "arm": false, "heartbeat": 342}'
[DEBUG][2021-05-08 20:29:33,074][serial_to_udp]Idle: Serial read timeout
[DEBUG][2021-05-08 20:29:33,521][udp_to_serial]b'{"type": "telem", "bearing": -48, "arm": false, "heartbeat": 343}'
[DEBUG][2021-05-08 20:29:34,076][serial_to_udp]Idle: Serial read timeout
[DEBUG][2021-05-08 20:29:34,625][udp_to_serial]b'{"type": "telem", "bearing": -172, "arm": false, "heartbeat": 344}'
[DEBUG][2021-05-08 20:29:35,091][serial_to_udp]Idle: Serial read timeout
[DEBUG][2021-05-08 20:29:35,726][udp_to_serial]b'{"type": "telem", "bearing": -154, "arm": false, "heartbeat": 345}'
[DEBUG][2021-05-08 20:29:36,093][serial_to_udp]Idle: Serial read timeout
[DEBUG][2021-05-08 20:29:36,828][udp_to_serial]b'{"type": "telem", "bearing": -155, "arm": false, "heartbeat": 346}'
[DEBUG][2021-05-08 20:29:37,095][serial_to_udp]Idle: Serial read timeout
[DEBUG][2021-05-08 20:29:37,930][udp_to_serial]b'{"type": "telem", "bearing": -148, "arm": false, "heartbeat": 347}'
[DEBUG][2021-05-08 20:29:38,096][serial_to_udp]Idle: Serial read timeout
[DEBUG][2021-05-08 20:29:39,032][udp_to_serial]b'{"type": "telem", "bearing": -166, "arm": false, "heartbeat": 348}'
[DEBUG][2021-05-08 20:29:39,098][serial_to_udp]Idle: Serial read timeout
[DEBUG][2021-05-08 20:29:40,099][serial_to_udp]Idle: Serial read timeout
[DEBUG][2021-05-08 20:29:40,134][udp_to_serial]b'{"type": "telem", "bearing": -166, "arm": false, "heartbeat": 349}'
[DEBUG][2021-05-08 20:29:41,101][serial_to_udp]Idle: Serial read timeout
[DEBUG][2021-05-08 20:29:41,234][udp_to_serial]b'{"type": "telem", "bearing": -152, "arm": false, "heartbeat": 350}'
[DEBUG][2021-05-08 20:29:42,104][serial_to_udp]Idle: Serial read timeout
[DEBUG][2021-05-08 20:29:42,431][udp_to_serial]b'{"type": "telem", "bearing": -137, "arm": false, "heartbeat": 351}'
[DEBUG][2021-05-08 20:29:43,105][serial_to_udp]Idle: Serial read timeout
[DEBUG][2021-05-08 20:29:43,533][udp_to_serial]b'{"type": "telem", "bearing": -153, "arm": false, "heartbeat": 352}'
[DEBUG][2021-05-08 20:29:44,107][serial_to_udp]Idle: Serial read timeout
[DEBUG][2021-05-08 20:29:44,636][udp_to_serial]b'{"type": "telem", "bearing": -132, "arm": false, "heartbeat": 353}'
[DEBUG][2021-05-08 20:29:45,108][serial_to_udp]Idle: Serial read timeout
[DEBUG][2021-05-08 20:29:45,738][udp_to_serial]b'{"type": "telem", "bearing": -152, "arm": false, "heartbeat": 354}'
[DEBUG][2021-05-08 20:29:46,110][serial_to_udp]Idle: Serial read timeout
[DEBUG][2021-05-08 20:29:46,840][udp_to_serial]b'{"type": "telem", "bearing": -167, "arm": false, "heartbeat": 355}'
[DEBUG][2021-05-08 20:29:47,111][serial_to_udp]Idle: Serial read timeout
[DEBUG][2021-05-08 20:29:47,941][udp_to_serial]b'{"type": "telem", "bearing": -171, "arm": false, "heartbeat": 356}'
[DEBUG][2021-05-08 20:29:48,112][serial_to_udp]Idle: Serial read timeout
[DEBUG][2021-05-08 20:29:49,043][udp_to_serial]b'{"type": "telem", "bearing": -153, "arm": false, "heartbeat": 357}'
[DEBUG][2021-05-08 20:29:49,114][serial_to_udp]Idle: Serial read timeout
[DEBUG][2021-05-08 20:29:50,115][serial_to_udp]Idle: Serial read timeout
[DEBUG][2021-05-08 20:29:50,145][udp_to_serial]b'{"type": "telem", "bearing": -171, "arm": false, "heartbeat": 358}'
[DEBUG][2021-05-08 20:29:51,118][serial_to_udp]Idle: Serial read timeout
[DEBUG][2021-05-08 20:29:51,256][udp_to_serial]b'{"type": "telem", "bearing": -148, "arm": false, "heartbeat": 359}'
[DEBUG][2021-05-08 20:29:52,120][serial_to_udp]Idle: Serial read timeout
[DEBUG][2021-05-08 20:29:52,444][udp_to_serial]b'{"type": "telem", "bearing": -141, "arm": false, "heartbeat": 361}'
[DEBUG][2021-05-08 20:29:53,123][serial_to_udp]Idle: Serial read timeout
[DEBUG][2021-05-08 20:29:53,546][udp_to_serial]b'{"type": "telem", "bearing": -139, "arm": false, "heartbeat": 361}'
[DEBUG][2021-05-08 20:29:54,124][serial_to_udp]Idle: Serial read timeout
[DEBUG][2021-05-08 20:29:54,652][udp_to_serial]b'{"type": "telem", "bearing": -152, "arm": false, "heartbeat": 362}'
[DEBUG][2021-05-08 20:29:55,125][serial_to_udp]Idle: Serial read timeout
[DEBUG][2021-05-08 20:29:55,753][udp_to_serial]b'{"type": "telem", "bearing": -165, "arm": false, "heartbeat": 363}'
[DEBUG][2021-05-08 20:29:56,127][serial_to_udp]Idle: Serial read timeout
[DEBUG][2021-05-08 20:29:56,870][udp_to_serial]b'{"type": "telem", "bearing": -155, "arm": false, "heartbeat": 364}'
[DEBUG][2021-05-08 20:29:57,128][serial_to_udp]Idle: Serial read timeout
[DEBUG][2021-05-08 20:29:57,973][udp_to_serial]b'{"type": "telem", "bearing": -157, "arm": false, "heartbeat": 365}'
[DEBUG][2021-05-08 20:29:58,130][serial_to_udp]Idle: Serial read timeout
[DEBUG][2021-05-08 20:29:59,075][udp_to_serial]b'{"type": "telem", "bearing": -156, "arm": false, "heartbeat": 366}'
[DEBUG][2021-05-08 20:29:59,131][serial_to_udp]Idle: Serial read timeout
[DEBUG][2021-05-08 20:30:00,132][serial_to_udp]Idle: Serial read timeout
[DEBUG][2021-05-08 20:30:00,177][udp_to_serial]b'{"type": "telem", "bearing": -149, "arm": false, "heartbeat": 367}'
[DEBUG][2021-05-08 20:30:01,134][serial_to_udp]Idle: Serial read timeout
[DEBUG][2021-05-08 20:30:01,281][udp_to_serial]b'{"type": "telem", "bearing": -156, "arm": false, "heartbeat": 368}'
[DEBUG][2021-05-08 20:30:02,135][serial_to_udp]Idle: Serial read timeout
[DEBUG][2021-05-08 20:30:02,456][udp_to_serial]b'{"type": "telem", "bearing": -142, "arm": false, "heartbeat": 370}'
[DEBUG][2021-05-08 20:30:03,137][serial_to_udp]Idle: Serial read timeout
[DEBUG][2021-05-08 20:30:03,558][udp_to_serial]b'{"type": "telem", "bearing": -152, "arm": false, "heartbeat": 371}'
[DEBUG][2021-05-08 20:30:04,138][serial_to_udp]Idle: Serial read timeout
[DEBUG][2021-05-08 20:30:04,661][udp_to_serial]b'{"type": "telem", "bearing": -152, "arm": false, "heartbeat": 371}'
[DEBUG][2021-05-08 20:30:05,140][serial_to_udp]Idle: Serial read timeout
[DEBUG][2021-05-08 20:30:05,763][udp_to_serial]b'{"type": "telem", "bearing": -160, "arm": false, "heartbeat": 372}'
[DEBUG][2021-05-08 20:30:06,141][serial_to_udp]Idle: Serial read timeout
[DEBUG][2021-05-08 20:30:06,865][udp_to_serial]b'{"type": "telem", "bearing": -148, "arm": false, "heartbeat": 373}'
[DEBUG][2021-05-08 20:30:07,143][serial_to_udp]Idle: Serial read timeout
[DEBUG][2021-05-08 20:30:07,968][udp_to_serial]b'{"type": "telem", "bearing": -159, "arm": false, "heartbeat": 374}'
[DEBUG][2021-05-08 20:30:08,144][serial_to_udp]Idle: Serial read timeout
[DEBUG][2021-05-08 20:30:09,070][udp_to_serial]b'{"type": "telem", "bearing": -157, "arm": false, "heartbeat": 375}'
[DEBUG][2021-05-08 20:30:09,145][serial_to_udp]Idle: Serial read timeout
[DEBUG][2021-05-08 20:30:10,146][serial_to_udp]Idle: Serial read timeout
[DEBUG][2021-05-08 20:30:10,171][udp_to_serial]b'{"type": "telem", "bearing": -163, "arm": false, "heartbeat": 376}'
[DEBUG][2021-05-08 20:30:11,148][serial_to_udp]Idle: Serial read timeout
[DEBUG][2021-05-08 20:30:11,281][udp_to_serial]b'{"type": "telem", "bearing": -150, "arm": false, "heartbeat": 377}'
[DEBUG][2021-05-08 20:30:12,149][serial_to_udp]Idle: Serial read timeout
[DEBUG][2021-05-08 20:30:12,469][udp_to_serial]b'{"type": "telem", "bearing": -159, "arm": false, "heartbeat": 379}'
[DEBUG][2021-05-08 20:30:13,151][serial_to_udp]Idle: Serial read timeout
[DEBUG][2021-05-08 20:30:13,571][udp_to_serial]b'{"type": "telem", "bearing": -162, "arm": false, "heartbeat": 380}'
[DEBUG][2021-05-08 20:30:14,152][serial_to_udp]Idle: Serial read timeout
[DEBUG][2021-05-08 20:30:14,673][udp_to_serial]b'{"type": "telem", "bearing": -148, "arm": false, "heartbeat": 381}'
[DEBUG][2021-05-08 20:30:15,154][serial_to_udp]Idle: Serial read timeout
[DEBUG][2021-05-08 20:30:15,775][udp_to_serial]b'{"type": "telem", "bearing": -42, "arm": false, "heartbeat": 381}'
[DEBUG][2021-05-08 20:30:16,155][serial_to_udp]Idle: Serial read timeout
[DEBUG][2021-05-08 20:30:16,877][udp_to_serial]b'{"type": "telem", "bearing": -49, "arm": false, "heartbeat": 382}'
[DEBUG][2021-05-08 20:30:17,157][serial_to_udp]Idle: Serial read timeout
[DEBUG][2021-05-08 20:30:17,979][udp_to_serial]b'{"type": "telem", "bearing": -153, "arm": false, "heartbeat": 383}'
[DEBUG][2021-05-08 20:30:18,159][serial_to_udp]Idle: Serial read timeout
[DEBUG][2021-05-08 20:30:19,081][udp_to_serial]b'{"type": "telem", "bearing": -29, "arm": false, "heartbeat": 384}'
[DEBUG][2021-05-08 20:30:19,160][serial_to_udp]Idle: Serial read timeout
[DEBUG][2021-05-08 20:30:20,161][serial_to_udp]Idle: Serial read timeout
[DEBUG][2021-05-08 20:30:20,184][udp_to_serial]b'{"type": "telem", "bearing": -172, "arm": false, "heartbeat": 385}'
[DEBUG][2021-05-08 20:30:21,163][serial_to_udp]Idle: Serial read timeout
[DEBUG][2021-05-08 20:30:21,289][udp_to_serial]b'{"type": "telem", "bearing": -29, "arm": false, "heartbeat": 386}'
[DEBUG][2021-05-08 20:30:22,164][serial_to_udp]Idle: Serial read timeout
[DEBUG][2021-05-08 20:30:22,483][udp_to_serial]b'{"type": "telem", "bearing": -23, "arm": false, "heartbeat": 388}'
[DEBUG][2021-05-08 20:30:23,166][serial_to_udp]Idle: Serial read timeout
[DEBUG][2021-05-08 20:30:23,585][udp_to_serial]b'{"type": "telem", "bearing": -161, "arm": false, "heartbeat": 389}'
[DEBUG][2021-05-08 20:30:24,167][serial_to_udp]Idle: Serial read timeout
[DEBUG][2021-05-08 20:30:24,686][udp_to_serial]b'{"type": "telem", "bearing": -160, "arm": false, "heartbeat": 390}'
[DEBUG][2021-05-08 20:30:25,168][serial_to_udp]Idle: Serial read timeout
[DEBUG][2021-05-08 20:30:25,788][udp_to_serial]b'{"type": "telem", "bearing": -40, "arm": false, "heartbeat": 391}'
[DEBUG][2021-05-08 20:30:26,171][serial_to_udp]Idle: Serial read timeout
[DEBUG][2021-05-08 20:30:26,891][udp_to_serial]b'{"type": "telem", "bearing": -163, "arm": false, "heartbeat": 391}'
[DEBUG][2021-05-08 20:30:27,173][serial_to_udp]Idle: Serial read timeout
[DEBUG][2021-05-08 20:30:27,993][udp_to_serial]b'{"type": "telem", "bearing": -35, "arm": false, "heartbeat": 392}'
[DEBUG][2021-05-08 20:30:28,174][serial_to_udp]Idle: Serial read timeout
[DEBUG][2021-05-08 20:30:29,095][udp_to_serial]b'{"type": "telem", "bearing": -25, "arm": false, "heartbeat": 393}'
[DEBUG][2021-05-08 20:30:29,176][serial_to_udp]Idle: Serial read timeout
[DEBUG][2021-05-08 20:30:30,177][serial_to_udp]Idle: Serial read timeout
[DEBUG][2021-05-08 20:30:30,196][udp_to_serial]b'{"type": "telem", "bearing": -165, "arm": false, "heartbeat": 394}'
[DEBUG][2021-05-08 20:30:31,179][serial_to_udp]Idle: Serial read timeout
[DEBUG][2021-05-08 20:30:31,298][udp_to_serial]b'{"type": "telem", "bearing": -165, "arm": false, "heartbeat": 395}'
[DEBUG][2021-05-08 20:30:32,181][serial_to_udp]Idle: Serial read timeout
[DEBUG][2021-05-08 20:30:32,498][udp_to_serial]b'{"type": "telem", "bearing": -162, "arm": false, "heartbeat": 397}'
[DEBUG][2021-05-08 20:30:33,182][serial_to_udp]Idle: Serial read timeout
[DEBUG][2021-05-08 20:30:33,600][udp_to_serial]b'{"type": "telem", "bearing": -154, "arm": false, "heartbeat": 398}'
[DEBUG][2021-05-08 20:30:34,184][serial_to_udp]Idle: Serial read timeout
[DEBUG][2021-05-08 20:30:34,701][udp_to_serial]b'{"type": "telem", "bearing": -171, "arm": false, "heartbeat": 399}'
[DEBUG][2021-05-08 20:30:35,185][serial_to_udp]Idle: Serial read timeout
[DEBUG][2021-05-08 20:30:35,803][udp_to_serial]b'{"type": "telem", "bearing": -166, "arm": false, "heartbeat": 400}'
[DEBUG][2021-05-08 20:30:36,193][serial_to_udp]Idle: Serial read timeout
[DEBUG][2021-05-08 20:30:36,905][udp_to_serial]b'{"type": "telem", "bearing": -155, "arm": false, "heartbeat": 401}'
[DEBUG][2021-05-08 20:30:37,196][serial_to_udp]Idle: Serial read timeout
[DEBUG][2021-05-08 20:30:38,007][udp_to_serial]b'{"type": "telem", "bearing": -155, "arm": false, "heartbeat": 401}'
[DEBUG][2021-05-08 20:30:38,198][serial_to_udp]Idle: Serial read timeout
[DEBUG][2021-05-08 20:30:39,109][udp_to_serial]b'{"type": "telem", "bearing": -157, "arm": false, "heartbeat": 401}'
[DEBUG][2021-05-08 20:30:39,199][serial_to_udp]Idle: Serial read timeout
[DEBUG][2021-05-08 20:30:40,200][serial_to_udp]Idle: Serial read timeout
[DEBUG][2021-05-08 20:30:40,211][udp_to_serial]b'{"type": "telem", "bearing": -159, "arm": false, "heartbeat": 402}'
[DEBUG][2021-05-08 20:30:41,202][serial_to_udp]Idle: Serial read timeout
[DEBUG][2021-05-08 20:30:41,314][udp_to_serial]b'{"type": "telem", "bearing": -162, "arm": false, "heartbeat": 403}'
[DEBUG][2021-05-08 20:30:42,209][serial_to_udp]Idle: Serial read timeout
[DEBUG][2021-05-08 20:30:42,512][udp_to_serial]b'{"type": "telem", "bearing": -162, "arm": false, "heartbeat": 405}'
[DEBUG][2021-05-08 20:30:43,210][serial_to_udp]Idle: Serial read timeout
[DEBUG][2021-05-08 20:30:43,614][udp_to_serial]b'{"type": "telem", "bearing": -162, "arm": false, "heartbeat": 406}'
[DEBUG][2021-05-08 20:30:44,211][serial_to_udp]Idle: Serial read timeout
[DEBUG][2021-05-08 20:30:44,716][udp_to_serial]b'{"type": "telem", "bearing": -129, "arm": false, "heartbeat": 407}'
[DEBUG][2021-05-08 20:30:45,212][serial_to_udp]Idle: Serial read timeout
[DEBUG][2021-05-08 20:30:45,818][udp_to_serial]b'{"type": "telem", "bearing": -164, "arm": false, "heartbeat": 408}'
[DEBUG][2021-05-08 20:30:46,214][serial_to_udp]Idle: Serial read timeout
[DEBUG][2021-05-08 20:30:46,920][udp_to_serial]b'{"type": "telem", "bearing": -158, "arm": false, "heartbeat": 409}'
[DEBUG][2021-05-08 20:30:47,215][serial_to_udp]Idle: Serial read timeout
[DEBUG][2021-05-08 20:30:48,021][udp_to_serial]b'{"type": "telem", "bearing": -160, "arm": false, "heartbeat": 410}'
[DEBUG][2021-05-08 20:30:48,225][serial_to_udp]Idle: Serial read timeout
[DEBUG][2021-05-08 20:30:49,123][udp_to_serial]b'{"type": "telem", "bearing": -164, "arm": false, "heartbeat": 411}'
[DEBUG][2021-05-08 20:30:49,227][serial_to_udp]Idle: Serial read timeout
[DEBUG][2021-05-08 20:30:50,225][udp_to_serial]b'{"type": "telem", "bearing": -163, "arm": false, "heartbeat": 411}'
[DEBUG][2021-05-08 20:30:50,228][serial_to_udp]Idle: Serial read timeout
[DEBUG][2021-05-08 20:30:51,229][serial_to_udp]Idle: Serial read timeout
[DEBUG][2021-05-08 20:30:51,326][udp_to_serial]b'{"type": "telem", "bearing": -169, "arm": false, "heartbeat": 412}'
[DEBUG][2021-05-08 20:30:52,231][serial_to_udp]Idle: Serial read timeout
[DEBUG][2021-05-08 20:30:52,524][udp_to_serial]b'{"type": "telem", "bearing": -167, "arm": false, "heartbeat": 414}'
[DEBUG][2021-05-08 20:30:53,232][serial_to_udp]Idle: Serial read timeout
[DEBUG][2021-05-08 20:30:53,625][udp_to_serial]b'{"type": "telem", "bearing": -167, "arm": false, "heartbeat": 415}'
[DEBUG][2021-05-08 20:30:54,240][serial_to_udp]Idle: Serial read timeout
[DEBUG][2021-05-08 20:30:54,731][udp_to_serial]b'{"type": "telem", "bearing": -29, "arm": false, "heartbeat": 416}'
[DEBUG][2021-05-08 20:30:55,241][serial_to_udp]Idle: Serial read timeout
[DEBUG][2021-05-08 20:30:55,833][udp_to_serial]b'{"type": "telem", "bearing": -149, "arm": false, "heartbeat": 417}'
[DEBUG][2021-05-08 20:30:56,242][serial_to_udp]Idle: Serial read timeout
[DEBUG][2021-05-08 20:30:56,934][udp_to_serial]b'{"type": "telem", "bearing": -178, "arm": false, "heartbeat": 418}'
[DEBUG][2021-05-08 20:30:57,244][serial_to_udp]Idle: Serial read timeout
[DEBUG][2021-05-08 20:30:58,036][udp_to_serial]b'{"type": "telem", "bearing": -164, "arm": false, "heartbeat": 419}'
[DEBUG][2021-05-08 20:30:58,245][serial_to_udp]Idle: Serial read timeout
[DEBUG][2021-05-08 20:30:59,138][udp_to_serial]b'{"type": "telem", "bearing": -175, "arm": false, "heartbeat": 420}'
[DEBUG][2021-05-08 20:30:59,247][serial_to_udp]Idle: Serial read timeout
[DEBUG][2021-05-08 20:31:00,240][udp_to_serial]b'{"type": "telem", "bearing": -171, "arm": false, "heartbeat": 421}'
[DEBUG][2021-05-08 20:31:00,248][serial_to_udp]Idle: Serial read timeout
[DEBUG][2021-05-08 20:31:01,251][serial_to_udp]Idle: Serial read timeout
[DEBUG][2021-05-08 20:31:01,341][udp_to_serial]b'{"type": "telem", "bearing": -160, "arm": false, "heartbeat": 421}'
[DEBUG][2021-05-08 20:31:02,254][serial_to_udp]Idle: Serial read timeout
[DEBUG][2021-05-08 20:31:02,537][udp_to_serial]b'{"type": "telem", "bearing": -178, "arm": false, "heartbeat": 423}'
[DEBUG][2021-05-08 20:31:03,255][serial_to_udp]Idle: Serial read timeout
[DEBUG][2021-05-08 20:31:03,639][udp_to_serial]b'{"type": "telem", "bearing": -159, "arm": false, "heartbeat": 424}'
[DEBUG][2021-05-08 20:31:04,262][serial_to_udp]Idle: Serial read timeout
[DEBUG][2021-05-08 20:31:04,741][udp_to_serial]b'{"type": "telem", "bearing": -144, "arm": false, "heartbeat": 425}'
[DEBUG][2021-05-08 20:31:05,263][serial_to_udp]Idle: Serial read timeout
[DEBUG][2021-05-08 20:31:05,843][udp_to_serial]b'{"type": "telem", "bearing": 178, "arm": false, "heartbeat": 426}'
[DEBUG][2021-05-08 20:31:06,265][serial_to_udp]Idle: Serial read timeout
